ocr/build/intermediates/manifest_merge_blame_file/debug/manifest-merger-blame-debug-report.txt
1<?xml version="1.0" encoding="utf-8"?>
2<manifest xmlns:android="http://schemas.android.com/apk/res/android"
3    package="com.example.ocrtext" >
4
5    <uses-sdk android:minSdkVersion="1" />
5-->src\main\AndroidManifest.xml
6
7    <uses-permission android:name="android.permission.CAMERA" />
7-->src\main\AndroidManifest.xml:5:5-64
7-->src\main\AndroidManifest.xml:5:22-62
8
9    <application android:allowBackup="true" >
9-->src\main\AndroidManifest.xml:7:5-10:19
9-->src\main\AndroidManifest.xml:8:9-35
10        <activity android:name="com.example.ocrtext.OCR" />
10-->src\main\AndroidManifest.xml:9:9-41
10-->src\main\AndroidManifest.xml:9:19-38
11    </application>
12
13</manifest>